<?xml version="1.0" encoding="UTF-8"?>
<!-- Generated by org.testng.reporters.JUnitXMLReporter -->
<testsuite hostname="Riyaz" ignored="0" name="Test" tests="1" failures="1" timestamp="01 Dec 2020 13:47:27 GMT" time="266.888" errors="0">
  <testcase name="captureScreenshot" time="264.926" classname="com.qa.FailedTestDemo.CaptureScreenshotTests">
    <failure type="java.lang.AssertionError" message="expected [Home-Automation Test] but found [Register]">
      <![CDATA[java.lang.AssertionError: expected [Home-Automation Test] but found [Register]
at com.qa.FailedTestDemo.CaptureScreenshotTests.captureScreenshot(CaptureScreenshotTests.java:14)
... Removed 31 stack frames]]>
    </failure>
  </testcase> <!-- captureScreenshot -->
</testsuite> <!-- Test -->
